<?xml version="1.0" encoding="UTF-8"?>
<testsuite name="edu.uoc.pacman.model.entities.items.PickableTest" tests="3" skipped="0" failures="0" errors="0" timestamp="2023-08-09T23:05:24" hostname="laptop" time="0.011">
  <properties/>
  <testcase name="Sanity Pickable - Methods definition" classname="edu.uoc.pacman.model.entities.items.PickableTest" time="0.001"/>
  <testcase name="Sanity Pickable - Fields definition" classname="edu.uoc.pacman.model.entities.items.PickableTest" time="0.008"/>
  <testcase name="Sanity Pickable - Interface definition" classname="edu.uoc.pacman.model.entities.items.PickableTest" time="0.001"/>
  <system-out><![CDATA[]]></system-out>
  <system-err><![CDATA[]]></system-err>
</testsuite>
