<?xml version="1.0" encoding="UTF-8"?>
<testsuite name="edu.uoc.pacman.model.utils.PositionTest" tests="3" skipped="0" failures="0" errors="0" timestamp="2023-08-09T23:05:24" hostname="laptop" time="0.01">
  <properties/>
  <testcase name="Sanity Position - Class definition" classname="edu.uoc.pacman.model.utils.PositionTest" time="0.001"/>
  <testcase name="Sanity Position - Methods definition" classname="edu.uoc.pacman.model.utils.PositionTest" time="0.007"/>
  <testcase name="Sanity Position - Fields definition" classname="edu.uoc.pacman.model.utils.PositionTest" time="0.001"/>
  <system-out><![CDATA[]]></system-out>
  <system-err><![CDATA[]]></system-err>
</testsuite>
