<?xml version="1.0" encoding="UTF-8"?>
<testsuite name="edu.uoc.pacman.model.LevelTest" tests="3" skipped="0" failures="0" errors="0" timestamp="2023-08-09T23:05:23" hostname="laptop" time="0.066">
  <properties/>
  <testcase name="Sanity Level - Class definition" classname="edu.uoc.pacman.model.LevelTest" time="0.05"/>
  <testcase name="Sanity Level - Methods definition" classname="edu.uoc.pacman.model.LevelTest" time="0.006"/>
  <testcase name="Sanity Level - Fields definition" classname="edu.uoc.pacman.model.LevelTest" time="0.002"/>
  <system-out><![CDATA[]]></system-out>
  <system-err><![CDATA[]]></system-err>
</testsuite>
