<?xml version="1.0" encoding="UTF-8"?>
<testsuite name="edu.uoc.pacman.model.entities.items.WallTest" tests="3" skipped="0" failures="0" errors="0" timestamp="2023-08-09T23:05:24" hostname="laptop" time="0.011">
  <properties/>
  <testcase name="Sanity Wall - Class definition" classname="edu.uoc.pacman.model.entities.items.WallTest" time="0.001"/>
  <testcase name="Sanity Wall - Methods definition" classname="edu.uoc.pacman.model.entities.items.WallTest" time="0.008"/>
  <testcase name="Sanity Wall - Fields definition" classname="edu.uoc.pacman.model.entities.items.WallTest" time="0.0"/>
  <system-out><![CDATA[]]></system-out>
  <system-err><![CDATA[]]></system-err>
</testsuite>
