<?xml version="1.0" encoding="UTF-8"?>
<testsuite name="edu.uoc.pacman.model.entities.characters.ghosts.BlinkyTest" tests="3" skipped="0" failures="0" errors="0" timestamp="2023-08-09T23:05:23" hostname="laptop" time="1.032">
  <properties/>
  <testcase name="Sanity Blinky - Class definition" classname="edu.uoc.pacman.model.entities.characters.ghosts.BlinkyTest" time="1.024"/>
  <testcase name="Sanity Blinky - Methods definition" classname="edu.uoc.pacman.model.entities.characters.ghosts.BlinkyTest" time="0.004"/>
  <testcase name="Sanity Blinky - Fields definition" classname="edu.uoc.pacman.model.entities.characters.ghosts.BlinkyTest" time="0.002"/>
  <system-out><![CDATA[]]></system-out>
  <system-err><![CDATA[]]></system-err>
</testsuite>
