<?xml version="1.0" encoding="UTF-8"?>
<testsuite name="edu.uoc.pacman.model.entities.characters.pacman.StateTest" tests="3" skipped="0" failures="0" errors="0" timestamp="2023-08-09T23:05:24" hostname="laptop" time="0.011">
  <properties/>
  <testcase name="Sanity State - Methods definition" classname="edu.uoc.pacman.model.entities.characters.pacman.StateTest" time="0.005"/>
  <testcase name="Sanity State - Enum definition" classname="edu.uoc.pacman.model.entities.characters.pacman.StateTest" time="0.001"/>
  <testcase name="Sanity State - Fields definition" classname="edu.uoc.pacman.model.entities.characters.pacman.StateTest" time="0.001"/>
  <system-out><![CDATA[]]></system-out>
  <system-err><![CDATA[]]></system-err>
</testsuite>
