<?xml version="1.0" encoding="UTF-8"?>
<testsuite name="edu.uoc.pacman.model.entities.characters.ghosts.PinkyTest" tests="3" skipped="0" failures="0" errors="0" timestamp="2023-08-09T23:05:24" hostname="laptop" time="0.011">
  <properties/>
  <testcase name="Sanity Pinky - Class definition" classname="edu.uoc.pacman.model.entities.characters.ghosts.PinkyTest" time="0.002"/>
  <testcase name="Sanity Pinky - Methods definition" classname="edu.uoc.pacman.model.entities.characters.ghosts.PinkyTest" time="0.004"/>
  <testcase name="Sanity Pinky - Fields definition" classname="edu.uoc.pacman.model.entities.characters.ghosts.PinkyTest" time="0.002"/>
  <system-out><![CDATA[]]></system-out>
  <system-err><![CDATA[]]></system-err>
</testsuite>
