<?xml version="1.0" encoding="UTF-8"?>
<testsuite name="edu.uoc.pacman.model.entities.characters.ghosts.BehaviourTest" tests="3" skipped="0" failures="0" errors="0" timestamp="2023-08-09T23:05:23" hostname="laptop" time="0.009">
  <properties/>
  <testcase name="Sanity Behaviour - Methods definition" classname="edu.uoc.pacman.model.entities.characters.ghosts.BehaviourTest" time="0.003"/>
  <testcase name="Sanity Behaviour - Enum definition" classname="edu.uoc.pacman.model.entities.characters.ghosts.BehaviourTest" time="0.001"/>
  <testcase name="Sanity Behaviour - Fields definition" classname="edu.uoc.pacman.model.entities.characters.ghosts.BehaviourTest" time="0.002"/>
  <system-out><![CDATA[]]></system-out>
  <system-err><![CDATA[]]></system-err>
</testsuite>
