<?xml version="1.0" encoding="UTF-8"?>
<testsuite name="edu.uoc.pacman.model.entities.characters.ghosts.InkyTest" tests="3" skipped="0" failures="0" errors="0" timestamp="2023-08-09T23:05:24" hostname="laptop" time="0.015">
  <properties/>
  <testcase name="Sanity Inky - Class definition" classname="edu.uoc.pacman.model.entities.characters.ghosts.InkyTest" time="0.003"/>
  <testcase name="Sanity Inky - Methods definition" classname="edu.uoc.pacman.model.entities.characters.ghosts.InkyTest" time="0.006"/>
  <testcase name="Sanity Inky - Fields definition" classname="edu.uoc.pacman.model.entities.characters.ghosts.InkyTest" time="0.004"/>
  <system-out><![CDATA[]]></system-out>
  <system-err><![CDATA[]]></system-err>
</testsuite>
