<?xml version="1.0" encoding="UTF-8"?>
<testsuite name="edu.uoc.pacman.model.entities.items.EnergizerTest" tests="3" skipped="0" failures="0" errors="0" timestamp="2023-08-09T23:05:24" hostname="laptop" time="0.016">
  <properties/>
  <testcase name="Sanity Energizer - Class definition" classname="edu.uoc.pacman.model.entities.items.EnergizerTest" time="0.002"/>
  <testcase name="Sanity Energizer - Methods definition" classname="edu.uoc.pacman.model.entities.items.EnergizerTest" time="0.012"/>
  <testcase name="Sanity Energizer - Fields definition" classname="edu.uoc.pacman.model.entities.items.EnergizerTest" time="0.0"/>
  <system-out><![CDATA[]]></system-out>
  <system-err><![CDATA[]]></system-err>
</testsuite>
