<?xml version="1.0" encoding="UTF-8"?>
<testsuite name="edu.uoc.pacman.model.entities.characters.chase.ChaseCowardTest" tests="3" skipped="0" failures="0" errors="0" timestamp="2023-08-09T23:05:23" hostname="laptop" time="0.009">
  <properties/>
  <testcase name="Sanity ChaseCoward - Class definition" classname="edu.uoc.pacman.model.entities.characters.chase.ChaseCowardTest" time="0.0"/>
  <testcase name="Sanity ChasePatrol - Methods definition" classname="edu.uoc.pacman.model.entities.characters.chase.ChaseCowardTest" time="0.004"/>
  <testcase name="Sanity ChaseCoward - Fields definition" classname="edu.uoc.pacman.model.entities.characters.chase.ChaseCowardTest" time="0.001"/>
  <system-out><![CDATA[]]></system-out>
  <system-err><![CDATA[]]></system-err>
</testsuite>
