<?xml version="1.0" encoding="UTF-8"?>
<testsuite name="edu.uoc.pacman.model.entities.characters.pacman.PacmanTest" tests="3" skipped="0" failures="0" errors="0" timestamp="2023-08-09T23:05:24" hostname="laptop" time="0.035">
  <properties/>
  <testcase name="Sanity Pacman - Class definition" classname="edu.uoc.pacman.model.entities.characters.pacman.PacmanTest" time="0.001"/>
  <testcase name="Sanity Pacman - Methods definition" classname="edu.uoc.pacman.model.entities.characters.pacman.PacmanTest" time="0.007"/>
  <testcase name="Sanity Pacman - Fields definition" classname="edu.uoc.pacman.model.entities.characters.pacman.PacmanTest" time="0.012"/>
  <system-out><![CDATA[]]></system-out>
  <system-err><![CDATA[]]></system-err>
</testsuite>
