<?xml version="1.0" encoding="UTF-8"?>
<testsuite name="edu.uoc.pacman.model.utils.DirectionTest" tests="3" skipped="0" failures="0" errors="0" timestamp="2023-08-09T23:05:24" hostname="laptop" time="0.007">
  <properties/>
  <testcase name="Sanity Direction - Methods definition" classname="edu.uoc.pacman.model.utils.DirectionTest" time="0.004"/>
  <testcase name="Sanity Direction - Enum definition" classname="edu.uoc.pacman.model.utils.DirectionTest" time="0.001"/>
  <testcase name="Sanity Direction - Fields definition" classname="edu.uoc.pacman.model.utils.DirectionTest" time="0.0"/>
  <system-out><![CDATA[]]></system-out>
  <system-err><![CDATA[]]></system-err>
</testsuite>
