<?xml version="1.0" encoding="UTF-8"?>
<testsuite name="edu.uoc.pacman.model.entities.characters.CharacterTest" tests="3" skipped="0" failures="0" errors="0" timestamp="2023-08-09T23:05:23" hostname="laptop" time="0.018">
  <properties/>
  <testcase name="Sanity Character - Class definition" classname="edu.uoc.pacman.model.entities.characters.CharacterTest" time="0.001"/>
  <testcase name="Sanity Entity - Methods definition" classname="edu.uoc.pacman.model.entities.characters.CharacterTest" time="0.005"/>
  <testcase name="Sanity Character - Fields definition" classname="edu.uoc.pacman.model.entities.characters.CharacterTest" time="0.002"/>
  <system-out><![CDATA[]]></system-out>
  <system-err><![CDATA[]]></system-err>
</testsuite>
