<?xml version="1.0" encoding="UTF-8"?>
<testsuite name="edu.uoc.pacman.model.entities.characters.ghosts.BehaviourTest" tests="2" skipped="0" failures="0" errors="0" timestamp="2023-08-09T23:06:17" hostname="laptop" time="0.024">
  <properties/>
  <testcase name="testToString()" classname="edu.uoc.pacman.model.entities.characters.ghosts.BehaviourTest" time="0.02"/>
  <testcase name="getDuration()" classname="edu.uoc.pacman.model.entities.characters.ghosts.BehaviourTest" time="0.003"/>
  <system-out><![CDATA[]]></system-out>
  <system-err><![CDATA[]]></system-err>
</testsuite>
