<?xml version="1.0" encoding="UTF-8"?>
<testsuite name="edu.uoc.pacman.model.utils.SpriteTest" tests="2" skipped="0" failures="0" errors="0" timestamp="2023-08-09T23:06:18" hostname="laptop" time="0.004">
  <properties/>
  <testcase name="getSymbol()" classname="edu.uoc.pacman.model.utils.SpriteTest" time="0.0"/>
  <testcase name="getImageSrc()" classname="edu.uoc.pacman.model.utils.SpriteTest" time="0.003"/>
  <system-out><![CDATA[]]></system-out>
  <system-err><![CDATA[]]></system-err>
</testsuite>
