<?xml version="1.0" encoding="UTF-8"?>
<testsuite name="edu.uoc.pacman.model.entities.characters.pacman.StateTest" tests="2" skipped="0" failures="0" errors="0" timestamp="2023-08-09T23:06:18" hostname="laptop" time="0.005">
  <properties/>
  <testcase name="testToString()" classname="edu.uoc.pacman.model.entities.characters.pacman.StateTest" time="0.002"/>
  <testcase name="getDuration()" classname="edu.uoc.pacman.model.entities.characters.pacman.StateTest" time="0.001"/>
  <system-out><![CDATA[]]></system-out>
  <system-err><![CDATA[]]></system-err>
</testsuite>
