<?xml version="1.0" encoding="UTF-8"?>
<testsuite name="edu.uoc.pacman.model.entities.characters.pacman.PacmanTest" tests="16" skipped="0" failures="0" errors="0" timestamp="2023-08-09T23:06:18" hostname="laptop" time="0.059">
  <properties/>
  <testcase name="setPosition()" classname="edu.uoc.pacman.model.entities.characters.pacman.PacmanTest" time="0.002"/>
  <testcase name="getPosition()" classname="edu.uoc.pacman.model.entities.characters.pacman.PacmanTest" time="0.001"/>
  <testcase name="isDead()" classname="edu.uoc.pacman.model.entities.characters.pacman.PacmanTest" time="0.001"/>
  <testcase name="setPathable()" classname="edu.uoc.pacman.model.entities.characters.pacman.PacmanTest" time="0.001"/>
  <testcase name="testToString()" classname="edu.uoc.pacman.model.entities.characters.pacman.PacmanTest" time="0.01"/>
  <testcase name="getDirection()" classname="edu.uoc.pacman.model.entities.characters.pacman.PacmanTest" time="0.004"/>
  <testcase name="kill()" classname="edu.uoc.pacman.model.entities.characters.pacman.PacmanTest" time="0.002"/>
  <testcase name="alive()" classname="edu.uoc.pacman.model.entities.characters.pacman.PacmanTest" time="0.001"/>
  <testcase name="reset()" classname="edu.uoc.pacman.model.entities.characters.pacman.PacmanTest" time="0.001"/>
  <testcase name="isPathable()" classname="edu.uoc.pacman.model.entities.characters.pacman.PacmanTest" time="0.002"/>
  <testcase name="setDirection()" classname="edu.uoc.pacman.model.entities.characters.pacman.PacmanTest" time="0.001"/>
  <testcase name="getSprite()" classname="edu.uoc.pacman.model.entities.characters.pacman.PacmanTest" time="0.001"/>
  <testcase name="setLevel()" classname="edu.uoc.pacman.model.entities.characters.pacman.PacmanTest" time="0.002"/>
  <testcase name="setState()" classname="edu.uoc.pacman.model.entities.characters.pacman.PacmanTest" time="0.001"/>
  <testcase name="getLevel()" classname="edu.uoc.pacman.model.entities.characters.pacman.PacmanTest" time="0.001"/>
  <testcase name="getState()" classname="edu.uoc.pacman.model.entities.characters.pacman.PacmanTest" time="0.007"/>
  <system-out><![CDATA[]]></system-out>
  <system-err><![CDATA[]]></system-err>
</testsuite>
