<?xml version="1.0" encoding="UTF-8"?>
<testsuite name="edu.uoc.pacman.model.LevelTest" tests="18" skipped="0" failures="0" errors="0" timestamp="2023-08-09T23:05:12" hostname="laptop" time="0.138">
  <properties/>
  <testcase name="Sanity Level - Class definition" classname="edu.uoc.pacman.model.LevelTest" time="0.058"/>
  <testcase name="getGhostList()" classname="edu.uoc.pacman.model.LevelTest" time="0.002"/>
  <testcase name="Sanity Level - Methods definition" classname="edu.uoc.pacman.model.LevelTest" time="0.004"/>
  <testcase name="increaseLives()" classname="edu.uoc.pacman.model.LevelTest" time="0.001"/>
  <testcase name="decreaseLives()" classname="edu.uoc.pacman.model.LevelTest" time="0.001"/>
  <testcase name="addPoints()" classname="edu.uoc.pacman.model.LevelTest" time="0.001"/>
  <testcase name="getBlinky()" classname="edu.uoc.pacman.model.LevelTest" time="0.001"/>
  <testcase name="isPathable()" classname="edu.uoc.pacman.model.LevelTest" time="0.002"/>
  <testcase name="getHeight()" classname="edu.uoc.pacman.model.LevelTest" time="0.001"/>
  <testcase name="getMapItemXY()" classname="edu.uoc.pacman.model.LevelTest" time="0.002"/>
  <testcase name="getPacman()" classname="edu.uoc.pacman.model.LevelTest" time="0.003"/>
  <testcase name="getFileName()" classname="edu.uoc.pacman.model.LevelTest" time="0.001"/>
  <testcase name="Sanity Level - Fields definition" classname="edu.uoc.pacman.model.LevelTest" time="0.002"/>
  <testcase name="setGhostsFrightened()" classname="edu.uoc.pacman.model.LevelTest" time="0.002"/>
  <testcase name="getMapItemPosition()" classname="edu.uoc.pacman.model.LevelTest" time="0.009"/>
  <testcase name="getLives()" classname="edu.uoc.pacman.model.LevelTest" time="0.003"/>
  <testcase name="getScore()" classname="edu.uoc.pacman.model.LevelTest" time="0.002"/>
  <testcase name="getWidth()" classname="edu.uoc.pacman.model.LevelTest" time="0.003"/>
  <system-out><![CDATA[]]></system-out>
  <system-err><![CDATA[]]></system-err>
</testsuite>
