<?xml version="1.0" encoding="UTF-8"?>
<testsuite name="edu.uoc.pacman.model.entities.characters.chase.ChaseAmbushTest" tests="3" skipped="0" failures="0" errors="0" timestamp="2023-08-09T23:05:12" hostname="laptop" time="0.028">
  <properties/>
  <testcase name="Sanity ChaseAmbush - Class definition" classname="edu.uoc.pacman.model.entities.characters.chase.ChaseAmbushTest" time="0.003"/>
  <testcase name="Sanity ChasePatrol - Methods definition" classname="edu.uoc.pacman.model.entities.characters.chase.ChaseAmbushTest" time="0.009"/>
  <testcase name="Sanity ChasePatrol - Fields definition" classname="edu.uoc.pacman.model.entities.characters.chase.ChaseAmbushTest" time="0.005"/>
  <system-out><![CDATA[]]></system-out>
  <system-err><![CDATA[]]></system-err>
</testsuite>
