<?xml version="1.0" encoding="UTF-8"?>
<testsuite name="edu.uoc.pacman.model.exceptions.LevelExceptionTest" tests="3" skipped="0" failures="0" errors="0" timestamp="2023-08-09T23:05:14" hostname="laptop" time="0.005">
  <properties/>
  <testcase name="Sanity LevelException - Class definition" classname="edu.uoc.pacman.model.exceptions.LevelExceptionTest" time="0.001"/>
  <testcase name="Sanity LevelException - Methods and Constructor definition" classname="edu.uoc.pacman.model.exceptions.LevelExceptionTest" time="0.002"/>
  <testcase name="Sanity LevelException - Fields definition" classname="edu.uoc.pacman.model.exceptions.LevelExceptionTest" time="0.001"/>
  <system-out><![CDATA[]]></system-out>
  <system-err><![CDATA[]]></system-err>
</testsuite>
