<?xml version="1.0" encoding="UTF-8"?>
<testsuite name="edu.uoc.pacman.model.entities.ScorableTest" tests="3" skipped="0" failures="0" errors="0" timestamp="2023-08-09T23:05:12" hostname="laptop" time="0.007">
  <properties/>
  <testcase name="Sanity Scorable - Methods definition" classname="edu.uoc.pacman.model.entities.ScorableTest" time="0.002"/>
  <testcase name="Sanity Scorable - Fields definition" classname="edu.uoc.pacman.model.entities.ScorableTest" time="0.002"/>
  <testcase name="Sanity Scorable - Interface definition" classname="edu.uoc.pacman.model.entities.ScorableTest" time="0.001"/>
  <system-out><![CDATA[]]></system-out>
  <system-err><![CDATA[]]></system-err>
</testsuite>
