<?xml version="1.0" encoding="UTF-8"?>
<testsuite name="edu.uoc.pacman.model.entities.items.MapItemTest" tests="3" skipped="0" failures="0" errors="0" timestamp="2023-08-09T23:05:14" hostname="laptop" time="0.006">
  <properties/>
  <testcase name="Sanity MapItem - Class definition" classname="edu.uoc.pacman.model.entities.items.MapItemTest" time="0.001"/>
  <testcase name="Sanity MapItem - Methods definition" classname="edu.uoc.pacman.model.entities.items.MapItemTest" time="0.002"/>
  <testcase name="Sanity MapItem - Fields definition" classname="edu.uoc.pacman.model.entities.items.MapItemTest" time="0.001"/>
  <system-out><![CDATA[]]></system-out>
  <system-err><![CDATA[]]></system-err>
</testsuite>
