<?xml version="1.0" encoding="UTF-8"?>
<testsuite name="edu.uoc.pacman.model.utils.DirectionTest" tests="8" skipped="0" failures="0" errors="0" timestamp="2023-08-09T23:05:14" hostname="laptop" time="0.081">
  <properties/>
  <testcase name="Sanity Direction - Methods definition" classname="edu.uoc.pacman.model.utils.DirectionTest" time="0.012"/>
  <testcase name="Sanity Direction - Enum definition" classname="edu.uoc.pacman.model.utils.DirectionTest" time="0.002"/>
  <testcase name="opposite()" classname="edu.uoc.pacman.model.utils.DirectionTest" time="0.001"/>
  <testcase name="getX()" classname="edu.uoc.pacman.model.utils.DirectionTest" time="0.001"/>
  <testcase name="getY()" classname="edu.uoc.pacman.model.utils.DirectionTest" time="0.001"/>
  <testcase name="getKeyCode()" classname="edu.uoc.pacman.model.utils.DirectionTest" time="0.002"/>
  <testcase name="Sanity Direction - Fields definition" classname="edu.uoc.pacman.model.utils.DirectionTest" time="0.001"/>
  <testcase name="getDirectionByKeyCode()" classname="edu.uoc.pacman.model.utils.DirectionTest" time="0.001"/>
  <system-out><![CDATA[]]></system-out>
  <system-err><![CDATA[]]></system-err>
</testsuite>
