<?xml version="1.0" encoding="UTF-8"?>
<testsuite name="edu.uoc.pacman.model.entities.characters.chase.ChaseAggressiveTest" tests="3" skipped="0" failures="0" errors="0" timestamp="2023-08-09T23:05:12" hostname="laptop" time="0.023">
  <properties/>
  <testcase name="Sanity ChaseAggressive - Class definition" classname="edu.uoc.pacman.model.entities.characters.chase.ChaseAggressiveTest" time="0.002"/>
  <testcase name="Sanity ChaseAggressive - Methods definition" classname="edu.uoc.pacman.model.entities.characters.chase.ChaseAggressiveTest" time="0.005"/>
  <testcase name="Sanity ChaseAggresive - Fields definition" classname="edu.uoc.pacman.model.entities.characters.chase.ChaseAggressiveTest" time="0.004"/>
  <system-out><![CDATA[]]></system-out>
  <system-err><![CDATA[]]></system-err>
</testsuite>
