<?xml version="1.0" encoding="UTF-8"?>
<testsuite name="edu.uoc.pacman.model.entities.characters.ghosts.BehaviourTest" tests="5" skipped="0" failures="0" errors="0" timestamp="2023-08-09T23:05:12" hostname="laptop" time="0.06">
  <properties/>
  <testcase name="Sanity Behaviour - Methods definition" classname="edu.uoc.pacman.model.entities.characters.ghosts.BehaviourTest" time="0.006"/>
  <testcase name="testToString()" classname="edu.uoc.pacman.model.entities.characters.ghosts.BehaviourTest" time="0.028"/>
  <testcase name="Sanity Behaviour - Enum definition" classname="edu.uoc.pacman.model.entities.characters.ghosts.BehaviourTest" time="0.002"/>
  <testcase name="getDuration()" classname="edu.uoc.pacman.model.entities.characters.ghosts.BehaviourTest" time="0.007"/>
  <testcase name="Sanity Behaviour - Fields definition" classname="edu.uoc.pacman.model.entities.characters.ghosts.BehaviourTest" time="0.004"/>
  <system-out><![CDATA[]]></system-out>
  <system-err><![CDATA[]]></system-err>
</testsuite>
