<?xml version="1.0" encoding="UTF-8"?>
<testsuite name="edu.uoc.pacman.model.entities.characters.ghosts.InkyTest" tests="25" skipped="0" failures="0" errors="0" timestamp="2023-08-09T23:05:14" hostname="laptop" time="0.178">
  <properties/>
  <testcase name="Sanity Inky - Class definition" classname="edu.uoc.pacman.model.entities.characters.ghosts.InkyTest" time="0.005"/>
  <testcase name="getScatterPosition()" classname="edu.uoc.pacman.model.entities.characters.ghosts.InkyTest" time="0.004"/>
  <testcase name="Sanity Inky - Methods definition" classname="edu.uoc.pacman.model.entities.characters.ghosts.InkyTest" time="0.007"/>
  <testcase name="setPosition()" classname="edu.uoc.pacman.model.entities.characters.ghosts.InkyTest" time="0.005"/>
  <testcase name="getPosition()" classname="edu.uoc.pacman.model.entities.characters.ghosts.InkyTest" time="0.002"/>
  <testcase name="testReset()" classname="edu.uoc.pacman.model.entities.characters.ghosts.InkyTest" time="0.002"/>
  <testcase name="isDead()" classname="edu.uoc.pacman.model.entities.characters.ghosts.InkyTest" time="0.002"/>
  <testcase name="setPathable()" classname="edu.uoc.pacman.model.entities.characters.ghosts.InkyTest" time="0.002"/>
  <testcase name="testToString()" classname="edu.uoc.pacman.model.entities.characters.ghosts.InkyTest" time="0.002"/>
  <testcase name="getDirection()" classname="edu.uoc.pacman.model.entities.characters.ghosts.InkyTest" time="0.01"/>
  <testcase name="getBehaviour()" classname="edu.uoc.pacman.model.entities.characters.ghosts.InkyTest" time="0.003"/>
  <testcase name="kill()" classname="edu.uoc.pacman.model.entities.characters.ghosts.InkyTest" time="0.003"/>
  <testcase name="alive()" classname="edu.uoc.pacman.model.entities.characters.ghosts.InkyTest" time="0.01"/>
  <testcase name="reset()" classname="edu.uoc.pacman.model.entities.characters.ghosts.InkyTest" time="0.003"/>
  <testcase name="isPathable()" classname="edu.uoc.pacman.model.entities.characters.ghosts.InkyTest" time="0.003"/>
  <testcase name="setDirection()" classname="edu.uoc.pacman.model.entities.characters.ghosts.InkyTest" time="0.003"/>
  <testcase name="getPoints()" classname="edu.uoc.pacman.model.entities.characters.ghosts.InkyTest" time="0.016"/>
  <testcase name="getSprite()" classname="edu.uoc.pacman.model.entities.characters.ghosts.InkyTest" time="0.006"/>
  <testcase name="setBehaviour()" classname="edu.uoc.pacman.model.entities.characters.ghosts.InkyTest" time="0.002"/>
  <testcase name="testEqualsKO()" classname="edu.uoc.pacman.model.entities.characters.ghosts.InkyTest" time="0.005"/>
  <testcase name="testEqualsOK()" classname="edu.uoc.pacman.model.entities.characters.ghosts.InkyTest" time="0.004"/>
  <testcase name="setLevel()" classname="edu.uoc.pacman.model.entities.characters.ghosts.InkyTest" time="0.006"/>
  <testcase name="Sanity Inky - Fields definition" classname="edu.uoc.pacman.model.entities.characters.ghosts.InkyTest" time="0.012"/>
  <testcase name="correctInstanceChaseBehaviour()" classname="edu.uoc.pacman.model.entities.characters.ghosts.InkyTest" time="0.002"/>
  <testcase name="getLevel()" classname="edu.uoc.pacman.model.entities.characters.ghosts.InkyTest" time="0.024"/>
  <system-out><![CDATA[]]></system-out>
  <system-err><![CDATA[]]></system-err>
</testsuite>
