<?xml version="1.0" encoding="UTF-8"?>
<testsuite name="edu.uoc.pacman.model.entities.characters.ghosts.GhostTest" tests="3" skipped="0" failures="0" errors="0" timestamp="2023-08-09T23:05:14" hostname="laptop" time="0.008">
  <properties/>
  <testcase name="Sanity Ghost - Class definition" classname="edu.uoc.pacman.model.entities.characters.ghosts.GhostTest" time="0.002"/>
  <testcase name="Sanity Ghost - Methods definition" classname="edu.uoc.pacman.model.entities.characters.ghosts.GhostTest" time="0.002"/>
  <testcase name="Sanity Ghost - Fields definition" classname="edu.uoc.pacman.model.entities.characters.ghosts.GhostTest" time="0.001"/>
  <system-out><![CDATA[]]></system-out>
  <system-err><![CDATA[]]></system-err>
</testsuite>
