<?xml version="1.0" encoding="UTF-8"?>
<testsuite name="edu.uoc.pacman.model.entities.characters.HitableTest" tests="3" skipped="0" failures="0" errors="0" timestamp="2023-08-09T23:05:12" hostname="laptop" time="0.034">
  <properties/>
  <testcase name="Sanity Hitable - Methods definition" classname="edu.uoc.pacman.model.entities.characters.HitableTest" time="0.004"/>
  <testcase name="Sanity Hitable - Fields definition" classname="edu.uoc.pacman.model.entities.characters.HitableTest" time="0.003"/>
  <testcase name="Sanity Hitable - Interface definition" classname="edu.uoc.pacman.model.entities.characters.HitableTest" time="0.002"/>
  <system-out><![CDATA[]]></system-out>
  <system-err><![CDATA[]]></system-err>
</testsuite>
